<?xml version="1.0" encoding="UTF-8"?>
<!-- Generated by org.testng.reporters.JUnitReportReporter -->
<testsuite hostname="Mini" failures="0" tests="1" name="com.tutorialninja.testcases.CheckOut_ValidProduct_Test" time="12.142" errors="0" timestamp="2023-11-09T13:30:51 EST" skipped="0">
  <testcase classname="com.tutorialninja.testcases.CheckOut_ValidProduct_Test" name="addAValidProductAndCheckOut" time="12.142"/>
</testsuite> <!-- com.tutorialninja.testcases.CheckOut_ValidProduct_Test -->
