<?xml version="1.0" encoding="UTF-8"?>
<!-- Generated by org.testng.reporters.JUnitReportReporter -->
<testsuite hostname="Mini" failures="0" tests="3" name="com.tutorialninja.testcases.SearchTest" time="12.570" errors="0" timestamp="2023-11-09T13:30:51 EST" skipped="0">
  <testcase classname="com.tutorialninja.testcases.SearchTest" name="searchProductWithValidProduct" time="4.152"/>
  <testcase classname="com.tutorialninja.testcases.SearchTest" name="verifySearchWithInvalidProduct" time="4.166"/>
  <testcase classname="com.tutorialninja.testcases.SearchTest" name="verifySearchWithNoProduct" time="4.252"/>
</testsuite> <!-- com.tutorialninja.testcases.SearchTest -->
