<?xml version="1.0" encoding="UTF-8"?>
<!-- Generated by org.testng.reporters.JUnitReportReporter -->
<testsuite hostname="Mini" failures="0" tests="4" name="com.tutorialninja.testcases.Register_Test" time="22.150" errors="0" timestamp="2023-11-09T13:30:51 EST" skipped="0">
  <testcase classname="com.tutorialninja.testcases.Register_Test" name="registerAccountWithRequiredFields" time="5.763"/>
  <testcase classname="com.tutorialninja.testcases.Register_Test" name="registerAccountWithAllFields" time="5.989"/>
  <testcase classname="com.tutorialninja.testcases.Register_Test" name="registerAccountWithNoFields" time="5.098"/>
  <testcase classname="com.tutorialninja.testcases.Register_Test" name="verifyRegisterWithDuplicateUserName" time="5.300"/>
</testsuite> <!-- com.tutorialninja.testcases.Register_Test -->
